Flow report for SCP
Fri May 17 13:10:23 2019
Quartus Prime Version 18.0.0 Build 614 04/24/2018 SJ Lite Edition


---------------------
; Table of Contents ;
---------------------
  1. Legal Notice
  2. Flow Summary
  3. Flow Settings
  4. Flow Non-Default Global Settings
  5. Flow Elapsed Time
  6. Flow OS Summary
  7. Flow Log
  8. Flow Messages
  9. Flow Suppressed Messages



----------------
; Legal Notice ;
----------------
Copyright (C) 2018  Intel Corporation. All rights reserved.
Your use of Intel Corporation's design tools, logic functions 
and other software and tools, and its AMPP partner logic 
functions, and any output files from any of the foregoing 
(including device programming or simulation files), and any 
associated documentation or information are expressly subject 
to the terms and conditions of the Intel Program License 
Subscription Agreement, the Intel Quartus Prime License Agreement,
the Intel FPGA IP License Agreement, or other applicable license
agreement, including, without limitation, that your use is for
the sole purpose of programming logic devices manufactured by
Intel and sold by Intel or its authorized distributors.  Please
refer to the applicable agreement for further details.



+----------------------------------------------------------------------------------+
; Flow Summary                                                                     ;
+------------------------------------+---------------------------------------------+
; Flow Status                        ; Successful - Fri May 17 13:10:23 2019       ;
; Quartus Prime Version              ; 18.0.0 Build 614 04/24/2018 SJ Lite Edition ;
; Revision Name                      ; SCP                                         ;
; Top-level Entity Name              ; SYSTEM                                      ;
; Family                             ; MAX 10                                      ;
; Device                             ; 10M50DAF484C7G                              ;
; Timing Models                      ; Final                                       ;
; Total logic elements               ; 2,860 / 49,760 ( 6 % )                      ;
;     Total combinational functions  ; 2,223 / 49,760 ( 4 % )                      ;
;     Dedicated logic registers      ; 1,618 / 49,760 ( 3 % )                      ;
; Total registers                    ; 1618                                        ;
; Total pins                         ; 223 / 360 ( 62 % )                          ;
; Total virtual pins                 ; 0                                           ;
; Total memory bits                  ; 0 / 1,677,312 ( 0 % )                       ;
; Embedded Multiplier 9-bit elements ; 0 / 288 ( 0 % )                             ;
; Total PLLs                         ; 0 / 4 ( 0 % )                               ;
; UFM blocks                         ; 0 / 1 ( 0 % )                               ;
; ADC blocks                         ; 0 / 2 ( 0 % )                               ;
+------------------------------------+---------------------------------------------+


+-----------------------------------------+
; Flow Settings                           ;
+-------------------+---------------------+
; Option            ; Setting             ;
+-------------------+---------------------+
; Start date & time ; 05/16/2019 21:49:36 ;
; Main task         ; Compilation         ;
; Revision Name     ; SCP                 ;
+-------------------+---------------------+


+-----------------------------------------------------------------------------------------------------------------------------+
; Flow Non-Default Global Settings                                                                                            ;
+-------------------------------------+----------------------------------------+---------------+-------------+----------------+
; Assignment Name                     ; Value                                  ; Default Value ; Entity Name ; Section Id     ;
+-------------------------------------+----------------------------------------+---------------+-------------+----------------+
; BLOCK_DESIGN_NAMING                 ; QuartusII                              ; Auto          ; --          ; --             ;
; COMPILER_SIGNATURE_ID               ; 10995770589188.155806137508668         ; --            ; --          ; --             ;
; EDA_OUTPUT_DATA_FORMAT              ; Vhdl                                   ; --            ; --          ; eda_simulation ;
; EDA_SIMULATION_TOOL                 ; ModelSim-Altera (VHDL)                 ; <None>        ; --          ; --             ;
; EDA_TIME_SCALE                      ; 1 ps                                   ; --            ; --          ; eda_simulation ;
; MAX_CORE_JUNCTION_TEMP              ; 85                                     ; --            ; --          ; --             ;
; MIN_CORE_JUNCTION_TEMP              ; 0                                      ; --            ; --          ; --             ;
; PARTITION_COLOR                     ; -- (Not supported for targeted family) ; --            ; SYSTEM      ; Top            ;
; PARTITION_FITTER_PRESERVATION_LEVEL ; -- (Not supported for targeted family) ; --            ; SYSTEM      ; Top            ;
; PARTITION_NETLIST_TYPE              ; -- (Not supported for targeted family) ; --            ; SYSTEM      ; Top            ;
; POWER_BOARD_THERMAL_MODEL           ; None (CONSERVATIVE)                    ; --            ; --          ; --             ;
; POWER_PRESET_COOLING_SOLUTION       ; 23 MM HEAT SINK WITH 200 LFPM AIRFLOW  ; --            ; --          ; --             ;
; PROJECT_OUTPUT_DIRECTORY            ; output_files                           ; --            ; --          ; --             ;
; TOP_LEVEL_ENTITY                    ; SYSTEM                                 ; SCP           ; --          ; --             ;
+-------------------------------------+----------------------------------------+---------------+-------------+----------------+


+--------------------------------------------------------------------------------------------------------------------------+
; Flow Elapsed Time                                                                                                        ;
+----------------------+--------------+-------------------------+---------------------+------------------------------------+
; Module Name          ; Elapsed Time ; Average Processors Used ; Peak Virtual Memory ; Total CPU Time (on all processors) ;
+----------------------+--------------+-------------------------+---------------------+------------------------------------+
; Analysis & Synthesis ; 00:00:21     ; 1.0                     ; 4828 MB             ; 00:00:32                           ;
; Fitter               ; 00:01:02     ; 1.2                     ; 5785 MB             ; 00:01:25                           ;
; Assembler            ; 00:00:03     ; 1.0                     ; 4710 MB             ; 00:00:03                           ;
; Timing Analyzer      ; 00:00:05     ; 1.8                     ; 4873 MB             ; 00:00:09                           ;
; EDA Netlist Writer   ; 00:00:01     ; 1.0                     ; 4701 MB             ; 00:00:01                           ;
; EDA Netlist Writer   ; 00:00:00     ; 1.0                     ; 4655 MB             ; 00:00:01                           ;
; EDA Netlist Writer   ; 00:00:01     ; 1.0                     ; 4668 MB             ; 00:00:01                           ;
; EDA Netlist Writer   ; 00:00:01     ; 1.0                     ; 4653 MB             ; 00:00:01                           ;
; EDA Netlist Writer   ; 00:00:01     ; 1.0                     ; 4655 MB             ; 00:00:01                           ;
; EDA Netlist Writer   ; 00:00:01     ; 1.0                     ; 4667 MB             ; 00:00:01                           ;
; EDA Netlist Writer   ; 00:00:01     ; 1.0                     ; 4653 MB             ; 00:00:01                           ;
; EDA Netlist Writer   ; 00:00:01     ; 1.0                     ; 4666 MB             ; 00:00:01                           ;
; EDA Netlist Writer   ; 00:00:01     ; 1.0                     ; 4655 MB             ; 00:00:01                           ;
; EDA Netlist Writer   ; 00:00:01     ; 1.0                     ; 4666 MB             ; 00:00:01                           ;
; EDA Netlist Writer   ; 00:00:01     ; 1.0                     ; 4655 MB             ; 00:00:01                           ;
; EDA Netlist Writer   ; 00:00:01     ; 1.0                     ; 4666 MB             ; 00:00:01                           ;
; EDA Netlist Writer   ; 00:00:00     ; 1.0                     ; 4655 MB             ; 00:00:01                           ;
; EDA Netlist Writer   ; 00:00:01     ; 1.0                     ; 4667 MB             ; 00:00:01                           ;
; EDA Netlist Writer   ; 00:00:01     ; 1.0                     ; 4655 MB             ; 00:00:01                           ;
; EDA Netlist Writer   ; 00:00:01     ; 1.0                     ; 4667 MB             ; 00:00:01                           ;
; EDA Netlist Writer   ; 00:00:01     ; 1.0                     ; 4655 MB             ; 00:00:01                           ;
; EDA Netlist Writer   ; 00:00:01     ; 1.0                     ; 4666 MB             ; 00:00:01                           ;
; Total                ; 00:01:47     ; --                      ; --                  ; 00:02:27                           ;
+----------------------+--------------+-------------------------+---------------------+------------------------------------+


+------------------------------------------------------------------------------------+
; Flow OS Summary                                                                    ;
+----------------------+------------------+------------+------------+----------------+
; Module Name          ; Machine Hostname ; OS Name    ; OS Version ; Processor type ;
+----------------------+------------------+------------+------------+----------------+
; Analysis & Synthesis ; GRANT-PC         ; Windows 10 ; 10.0       ; x86_64         ;
; Fitter               ; GRANT-PC         ; Windows 10 ; 10.0       ; x86_64         ;
; Assembler            ; GRANT-PC         ; Windows 10 ; 10.0       ; x86_64         ;
; Timing Analyzer      ; GRANT-PC         ; Windows 10 ; 10.0       ; x86_64         ;
; EDA Netlist Writer   ; GRANT-PC         ; Windows 10 ; 10.0       ; x86_64         ;
; EDA Netlist Writer   ; GRANT-PC         ; Windows 10 ; 10.0       ; x86_64         ;
; EDA Netlist Writer   ; GRANT-PC         ; Windows 10 ; 10.0       ; x86_64         ;
; EDA Netlist Writer   ; MSOE-1LKNNQ2     ; Windows 10 ; 10.0       ; x86_64         ;
; EDA Netlist Writer   ; GRANT-PC         ; Windows 10 ; 10.0       ; x86_64         ;
; EDA Netlist Writer   ; GRANT-PC         ; Windows 10 ; 10.0       ; x86_64         ;
; EDA Netlist Writer   ; GRANT-PC         ; Windows 10 ; 10.0       ; x86_64         ;
; EDA Netlist Writer   ; GRANT-PC         ; Windows 10 ; 10.0       ; x86_64         ;
; EDA Netlist Writer   ; GRANT-PC         ; Windows 10 ; 10.0       ; x86_64         ;
; EDA Netlist Writer   ; GRANT-PC         ; Windows 10 ; 10.0       ; x86_64         ;
; EDA Netlist Writer   ; GRANT-PC         ; Windows 10 ; 10.0       ; x86_64         ;
; EDA Netlist Writer   ; GRANT-PC         ; Windows 10 ; 10.0       ; x86_64         ;
; EDA Netlist Writer   ; GRANT-PC         ; Windows 10 ; 10.0       ; x86_64         ;
; EDA Netlist Writer   ; GRANT-PC         ; Windows 10 ; 10.0       ; x86_64         ;
; EDA Netlist Writer   ; GRANT-PC         ; Windows 10 ; 10.0       ; x86_64         ;
; EDA Netlist Writer   ; GRANT-PC         ; Windows 10 ; 10.0       ; x86_64         ;
; EDA Netlist Writer   ; GRANT-PC         ; Windows 10 ; 10.0       ; x86_64         ;
; EDA Netlist Writer   ; GRANT-PC         ; Windows 10 ; 10.0       ; x86_64         ;
+----------------------+------------------+------------+------------+----------------+


------------
; Flow Log ;
------------
quartus_map --read_settings_files=on --write_settings_files=off SCP -c SCP
quartus_fit --read_settings_files=off --write_settings_files=off SCP -c SCP
quartus_asm --read_settings_files=off --write_settings_files=off SCP -c SCP
quartus_sta SCP -c SCP
quartus_eda --read_settings_files=off --write_settings_files=off SCP -c SCP
quartus_eda --gen_testbench --tool=modelsim_oem --format=vhdl --write_settings_files=off SCP -c SCP --vector_source=D:/Documents/SCHOOL/CE1921/WK10_LAB/SCP/Waveform.vwf --testbench_file=D:/Documents/SCHOOL/CE1921/WK10_LAB/SCP/simulation/qsim/Waveform.vwf.vht
quartus_eda --write_settings_files=off --simulation=on --functional=on --flatten_buses=off --tool=modelsim_oem --format=vhdl --output_directory=D:/Documents/SCHOOL/CE1921/WK10_LAB/SCP/simulation/qsim/ SCP -c SCP
quartus_eda --gen_testbench --tool=modelsim_oem --format=vhdl --write_settings_files=off SCP -c SCP --vector_source=D:/Documents/SCHOOL/CE1921/WK10_LAB/SCP/Waveform.vwf --testbench_file=D:/Documents/SCHOOL/CE1921/WK10_LAB/SCP/simulation/qsim/Waveform.vwf.vht
quartus_eda --gen_testbench --tool=modelsim_oem --format=vhdl --write_settings_files=off SCP -c SCP --vector_source=D:/Documents/SCHOOL/CE1921/WK10_LAB/SCP/Waveform.vwf --testbench_file=D:/Documents/SCHOOL/CE1921/WK10_LAB/SCP/simulation/qsim/Waveform.vwf.vht
quartus_eda --write_settings_files=off --simulation=on --functional=on --flatten_buses=off --tool=modelsim_oem --format=vhdl --output_directory=D:/Documents/SCHOOL/CE1921/WK10_LAB/SCP/simulation/qsim/ SCP -c SCP
quartus_eda --gen_testbench --tool=modelsim_oem --format=vhdl --write_settings_files=off SCP -c SCP --vector_source=D:/Documents/SCHOOL/CE1921/WK10_LAB/SCP/Waveform.vwf --testbench_file=D:/Documents/SCHOOL/CE1921/WK10_LAB/SCP/simulation/qsim/Waveform.vwf.vht
quartus_eda --write_settings_files=off --simulation=on --functional=on --flatten_buses=off --tool=modelsim_oem --format=vhdl --output_directory=D:/Documents/SCHOOL/CE1921/WK10_LAB/SCP/simulation/qsim/ SCP -c SCP
quartus_eda --gen_testbench --tool=modelsim_oem --format=vhdl --write_settings_files=off SCP -c SCP --vector_source=D:/Documents/SCHOOL/CE1921/WK10_LAB/SCP/Waveform.vwf --testbench_file=D:/Documents/SCHOOL/CE1921/WK10_LAB/SCP/simulation/qsim/Waveform.vwf.vht
quartus_eda --write_settings_files=off --simulation=on --functional=on --flatten_buses=off --tool=modelsim_oem --format=vhdl --output_directory=D:/Documents/SCHOOL/CE1921/WK10_LAB/SCP/simulation/qsim/ SCP -c SCP
quartus_eda --gen_testbench --tool=modelsim_oem --format=vhdl --write_settings_files=off SCP -c SCP --vector_source=D:/Documents/SCHOOL/CE1921/WK10_LAB/SCP/Waveform.vwf --testbench_file=D:/Documents/SCHOOL/CE1921/WK10_LAB/SCP/simulation/qsim/Waveform.vwf.vht
quartus_eda --write_settings_files=off --simulation=on --functional=on --flatten_buses=off --tool=modelsim_oem --format=vhdl --output_directory=D:/Documents/SCHOOL/CE1921/WK10_LAB/SCP/simulation/qsim/ SCP -c SCP
quartus_eda --gen_testbench --tool=modelsim_oem --format=vhdl --write_settings_files=off SCP -c SCP --vector_source=D:/Documents/SCHOOL/CE1921/WK10_LAB/SCP/Waveform.vwf --testbench_file=D:/Documents/SCHOOL/CE1921/WK10_LAB/SCP/simulation/qsim/Waveform.vwf.vht
quartus_eda --write_settings_files=off --simulation=on --functional=on --flatten_buses=off --tool=modelsim_oem --format=vhdl --output_directory=D:/Documents/SCHOOL/CE1921/WK10_LAB/SCP/simulation/qsim/ SCP -c SCP
quartus_eda --gen_testbench --tool=modelsim_oem --format=vhdl --write_settings_files=off SCP -c SCP --vector_source=D:/Documents/SCHOOL/CE1921/WK10_LAB/SCP/Waveform.vwf --testbench_file=D:/Documents/SCHOOL/CE1921/WK10_LAB/SCP/simulation/qsim/Waveform.vwf.vht
quartus_eda --write_settings_files=off --simulation=on --functional=on --flatten_buses=off --tool=modelsim_oem --format=vhdl --output_directory=D:/Documents/SCHOOL/CE1921/WK10_LAB/SCP/simulation/qsim/ SCP -c SCP
quartus_eda --gen_testbench --tool=modelsim_oem --format=vhdl --write_settings_files=off SCP -c SCP --vector_source=D:/Documents/SCHOOL/CE1921/WK10_LAB/SCP/Waveform.vwf --testbench_file=D:/Documents/SCHOOL/CE1921/WK10_LAB/SCP/simulation/qsim/Waveform.vwf.vht
quartus_eda --write_settings_files=off --simulation=on --functional=on --flatten_buses=off --tool=modelsim_oem --format=vhdl --output_directory=D:/Documents/SCHOOL/CE1921/WK10_LAB/SCP/simulation/qsim/ SCP -c SCP



